<?xml version="1.0" encoding="UTF-8"?>
<!-- Generated by org.testng.reporters.JUnitReportReporter -->
<testsuite skipped="0" hostname="L-158029239" name="com.Banking.Testcases.TC_LoginTest_01" tests="1" failures="0" timestamp="2022-05-09T15:39:32 IST" time="6.367" errors="0">
  <testcase name="loginTest" time="6.367" classname="com.Banking.Testcases.TC_LoginTest_01"/>
  <system-out/>
</testsuite> <!-- com.Banking.Testcases.TC_LoginTest_01 -->
